<?xml version="1.0" encoding="UTF-8" ?>
<testsuites>
 <testsuite name="The Single Page Blogger E2E Test" timestamp="2015-07-11T21:37:23" hostname="localhost" time="0.606" errors="0" tests="2" skipped="0" disabled="0" failures="1">
  <testcase classname="The Single Page Blogger E2E Test" name="Should have 4 posts" time="0.6">
  </testcase>
  <testcase classname="The Single Page Blogger E2E Test" name="Should redirect to #/posts/1/sample-title1" time="0.003">
   <failure type="exception" message="Failed: undefined is not a function"><![CDATA[TypeError: undefined is not a function
    at Object.<anonymous> (/Users/hbarbieri/Documents/Angular/Ejemplo/e2e-tests/scenarios.js:15:19)
    at /Users/hbarbieri/Documents/Angular/Ejemplo/node_modules/protractor/node_modules/jasminewd2/index.js:96:23
    at new promise.Promise (/Users/hbarbieri/Documents/Angular/Ejemplo/node_modules/protractor/node_modules/selenium-webdriver/lib/webdriver/promise.js:355:5)
    at controlFlowExecute (/Users/hbarbieri/Documents/Angular/Ejemplo/node_modules/protractor/node_modules/jasminewd2/index.js:82:18)
    at [object Object].promise.ControlFlow.runInFrame_ (/Users/hbarbieri/Documents/Angular/Ejemplo/node_modules/protractor/node_modules/selenium-webdriver/lib/webdriver/promise.js:1877:20)
    at [object Object].promise.ControlFlow.runEventLoop_ (/Users/hbarbieri/Documents/Angular/Ejemplo/node_modules/protractor/node_modules/selenium-webdriver/lib/webdriver/promise.js:1755:8)
    at [object Object].<anonymous> (/Users/hbarbieri/Documents/Angular/Ejemplo/node_modules/protractor/node_modules/selenium-webdriver/lib/webdriver/promise.js:2056:12)
    at goog.async.run.processWorkQueue (/Users/hbarbieri/Documents/Angular/Ejemplo/node_modules/protractor/node_modules/selenium-webdriver/lib/goog/async/run.js:125:21)
    at runMicrotasksCallback (node.js:337:7)
    at process._tickCallback (node.js:355:11)
From: Task: Run it("Should redirect to #/posts/1/sample-title1") in control flow
    at Object.<anonymous> (/Users/hbarbieri/Documents/Angular/Ejemplo/node_modules/protractor/node_modules/jasminewd2/index.js:81:14)
    at attemptAsync (/Users/hbarbieri/Documents/Angular/Ejemplo/node_modules/jasmine-core/lib/jasmine-core/jasmine.js:1819:24)
    at QueueRunner.run (/Users/hbarbieri/Documents/Angular/Ejemplo/node_modules/jasmine-core/lib/jasmine-core/jasmine.js:1774:9)
    at QueueRunner.execute (/Users/hbarbieri/Documents/Angular/Ejemplo/node_modules/jasmine-core/lib/jasmine-core/jasmine.js:1762:10)
    at Spec.Env.queueRunnerFactory (/Users/hbarbieri/Documents/Angular/Ejemplo/node_modules/jasmine-core/lib/jasmine-core/jasmine.js:627:35)
    at Spec.execute (/Users/hbarbieri/Documents/Angular/Ejemplo/node_modules/jasmine-core/lib/jasmine-core/jasmine.js:353:10)
    at Object.fn (/Users/hbarbieri/Documents/Angular/Ejemplo/node_modules/jasmine-core/lib/jasmine-core/jasmine.js:2360:37)
    at attemptAsync (/Users/hbarbieri/Documents/Angular/Ejemplo/node_modules/jasmine-core/lib/jasmine-core/jasmine.js:1819:24)
    at QueueRunner.run (/Users/hbarbieri/Documents/Angular/Ejemplo/node_modules/jasmine-core/lib/jasmine-core/jasmine.js:1774:9)
    at /Users/hbarbieri/Documents/Angular/Ejemplo/node_modules/jasmine-core/lib/jasmine-core/jasmine.js:1801:16
From asynchronous test: 
Error
    at Suite.<anonymous> (/Users/hbarbieri/Documents/Angular/Ejemplo/e2e-tests/scenarios.js:13:3)
    at addSpecsToSuite (/Users/hbarbieri/Documents/Angular/Ejemplo/node_modules/jasmine-core/lib/jasmine-core/jasmine.js:743:25)
    at Env.describe (/Users/hbarbieri/Documents/Angular/Ejemplo/node_modules/jasmine-core/lib/jasmine-core/jasmine.js:713:7)
    at jasmineInterface.describe (/Users/hbarbieri/Documents/Angular/Ejemplo/node_modules/jasmine-core/lib/jasmine-core/jasmine.js:3219:18)
    at Object.<anonymous> (/Users/hbarbieri/Documents/Angular/Ejemplo/e2e-tests/scenarios.js:5:1)
    at Module._compile (module.js:460:26)
    at Object.Module._extensions..js (module.js:478:10)
    at Module.load (module.js:355:32)
    at Function.Module._load (module.js:310:12)]]>
   </failure>
  </testcase>
 </testsuite>
</testsuites>